<component name="org.nuxeo.opensocial.test.component.jar">
  <!-- empty component - for test purpose -->
</component>
