<component name="org.nuxeo.ecm.automation.server.test-bindings" version="1.0">

  <extension target="org.nuxeo.ecm.automation.server.AutomationServer" point="bindings">
    <binding name="principals" disabled="true"/>
    <binding name="audit">
      <administrator>true</administrator>
      <secure>true</secure>
      <groups>members</groups>
    </binding>
  </extension>

 </component>
