<?xml version="1.0"?>
<component name="org.nuxeo.ecm.core.storage.sql.test.transform.plugin">

  <extension target="org.nuxeo.ecm.platform.transform.service.TransformService"
      point="plugins">
    <plugin name="any2text"
        class="org.nuxeo.ecm.core.storage.sql.coremodel.FakeTransformPlugin"
        destinationMimeType="text/plain">
      <sourceMimeType>text/plain</sourceMimeType>
    </plugin>
  </extension>

  <extension target="org.nuxeo.ecm.platform.transform.service.TransformService"
      point="transformers">
    <transformer name="any2text"
      class="org.nuxeo.ecm.platform.transform.transformer.FullTextExtractor">
    </transformer>
  </extension>

</component>
