<?xml version="1.0"?>
<component name="com.leroymerlin.corp.fr.nuxeo.test-contrib">



</component>

