<?xml version="1.0"?>
<component name="org.nuxeo.ecm.platform.ui.web.auth.loginScreenConfig">

  <extension
      target="org.nuxeo.ecm.platform.ui.web.auth.service.PluggableAuthenticationService"
      point="loginScreen">

  <loginScreenConfig displayNews="true">

   <headerStyle>#CCCCCC</headerStyle>
   <footerStyle>Something</footerStyle>

   <loginProviders>
     <loginProvider name="google">
       <iconPath>nuxeo.war/img/google.png</iconPath>
       <link>XXXX</link>
       <description>YYYYY</description>
     </loginProvider>
     <loginProvider name="facebook">
       <iconPath>nuxeo.war/img/fb.png</iconPath>
       <link>XXXX</link>
       <description>YYYYY</description>
     </loginProvider>
     <loginProvider name="linkedin">
       <iconPath>nuxeo.war/img/li.png</iconPath>
       <link>XXXX</link>
       <description>YYYYY</description>
     </loginProvider>
   </loginProviders>
  </loginScreenConfig>

  </extension>

</component>
