<component name="org.nuxeo.opensocial.test.component">
  <!-- empty component - for test purpose -->
</component>