<?xml version="1.0"?>
<component name="org.nuxeo.audit.directoryContrib">

  <extension target="org.nuxeo.ecm.directory.sql.SQLDirectoryFactory"
    point="directories">

    <directory name="eventTypes">
      <dbDriver>org.hsqldb.jdbcDriver</dbDriver>
      <dbUrl>jdbc:hsqldb:mem:memid</dbUrl>
      <dbUser>sa</dbUser>
      <dbPassword></dbPassword>

      <schema>vocabulary</schema>

      <cacheTimeout>3600</cacheTimeout>
      <cacheMaxSize>1000</cacheMaxSize>
      <table>eventTypes</table>
      <idField>id</idField>
      <autoincrementIdField>false</autoincrementIdField>
      <dataFile>directories/event-types.csv</dataFile>
      <createTablePolicy>on_missing_columns</createTablePolicy>
    </directory>

    <directory name="eventCategories">

      <dbDriver>org.hsqldb.jdbcDriver</dbDriver>
      <dbUrl>jdbc:hsqldb:mem:memid</dbUrl>
      <dbUser>sa</dbUser>
      <dbPassword></dbPassword>

      <schema>vocabulary</schema>

      <cacheTimeout>3600</cacheTimeout>
      <cacheMaxSize>1000</cacheMaxSize>
      <table>eventCategories</table>
      <idField>id</idField>
      <autoincrementIdField>false</autoincrementIdField>
      <dataFile>directories/event-categories.csv</dataFile>
      <createTablePolicy>on_missing_columns</createTablePolicy>
    </directory>

  </extension>
</component>