<?xml version="1.0"?>
<component name="org.nuxeo.ecm.core.storage.sql.tests.repo.core-types">

  <extension target="org.nuxeo.ecm.core.schema.TypeService" point="schema">
    <schema name="complexschema" src="schemas/complexschema.xsd"  prefix="cmpf" />
  </extension>

  <extension target="org.nuxeo.ecm.core.schema.TypeService" point="doctype">
    <doctype name="ComplexDoc" extends="Document">
      <schema name="complexschema" />
    </doctype>
  </extension>

</component>
