<?xml version="1.0"?>
<component name="org.nuxeo.ecm.core.api.pathsegment.PathSegmentService.test">

  <extension target="org.nuxeo.ecm.core.api.pathsegment.PathSegmentService"
    point="service">
    <service class="org.nuxeo.ecm.core.api.pathsegment.PathSegmentServiceCompat" />
  </extension>

</component>
