<?xml version="1.0"?>
<component name="org.nuxeo.ecm.core.test.facet.per-instance">

  <extension target="org.nuxeo.ecm.core.schema.TypeService"
    point="doctype">
    <facet name="someFacet" perInstanceQuery="false"/>
  </extension>

</component>
