<?xml version="1.0"?>

<component
  name="org.nuxeo.ecm.platform.ui.web.ContentViewService.testContrib">

  <extension target="org.nuxeo.ecm.platform.ui.web.ContentViewService"
    point="contentViews">

    <contentView name="CURRENT_DOCUMENT_CHILDREN">
      <coreQueryPageProvider>
        <property name="coreSession">#{documentManager}</property>
        <property name="checkQueryCache">true</property>
        <pattern>
          SELECT * FROM Document WHERE ecm:parentId = ? AND
          ecm:isCheckedInVersion = 0 AND ecm:mixinType != 'HiddenInNavigation'
          AND ecm:currentLifeCycleState != 'deleted'
        </pattern>
        <sort column="dc:title" ascending="true" />
        <pageSize>2</pageSize>
      </coreQueryPageProvider>

      <selectionList>CURRENT_SELECTION</selectionList>
      <pagination>simple</pagination>
      <actions category="CURRENT_SELECTION_LIST" />
      <resultLayout>document_listing</resultLayout>
      <searchLayout>search_layout</searchLayout>
      <refresh>
        <event>documentChildrenChanged</event>
      </refresh>
    </contentView>

    <contentView name="CURRENT_DOCUMENT_CHILDREN_WITH_SEARCH_DOCUMENT">
      <coreQueryPageProvider docType="File">
        <property name="coreSession">#{documentManager}</property>
        <property name="searchDocument">#{searchDocument}</property>
        <property name="checkQueryCache">true</property>
        <whereClause>
          <fixedPart>
            ecm:parentId = ? AND ecm:isCheckedInVersion = 0 AND ecm:mixinType !=
            'HiddenInNavigation' AND ecm:currentLifeCycleState != 'deleted'
          </fixedPart>
          <predicate parameter="dc:title" operator="FULLTEXT">
            <field schema="dublincore" name="title" />
          </predicate>
        </whereClause>
        <sort column="dc:title" ascending="true" />
        <pageSize>2</pageSize>
      </coreQueryPageProvider>
    </contentView>

    <contentView name="CURRENT_DOCUMENT_CHILDREN_FETCH">
      <genericPageProvider
        class="org.nuxeo.ecm.platform.ui.web.contentview.CoreQueryAndFetchPageProvider">
        <property name="coreSession">#{documentManager}</property>
        <pattern>
          SELECT dc:title FROM Document WHERE ecm:parentId = ? AND
          ecm:isCheckedInVersion = 0 AND ecm:mixinType != 'HiddenInNavigation'
          AND ecm:currentLifeCycleState != 'deleted'
        </pattern>
        <sort column="dc:title" ascending="true" />
        <pageSize>2</pageSize>
      </genericPageProvider>
    </contentView>

  </extension>

</component>
