<?xml version="1.0"?>
<component name="org.nuxeo.ecm.platform.content.template.service.ContentTemplateService">
  <implementation
          class="org.nuxeo.ecm.platform.content.template.service.ContentTemplateServiceImpl" />

   <service>
    <provide interface="org.nuxeo.ecm.platform.content.template.service.ContentTemplateService" />
  </service>


  <documentation>
    @author Thierry Delprat (td@nuxeo.com)
  </documentation>

  <extension-point name="factory">
  <documentation>
    @author Thierry Delprat (td@nuxeo.com)
  </documentation>

    <object
      class="org.nuxeo.ecm.platform.content.template.service.ContentFactoryDescriptor" />
  </extension-point>
  
  <extension-point name="factorySelector">
    <documentation>
       Select a factory giving a document. Selectors are ordered by name. 
    </documentation>

    <object
        class="org.nuxeo.ecm.platform.content.template.service.FactorySelectorDescriptor"/>
  </extension-point>

  <extension-point name="factoryBinding">
  <documentation>
    @author Thierry Delprat (td@nuxeo.com)
  </documentation>

    <object
      class="org.nuxeo.ecm.platform.content.template.service.FactoryBindingDescriptor" />
  </extension-point>
  
  <extension-point name="factoryBindingMultiTemplates">
    <documentation>
       Binding that enables registering of one or more templates for a type
    </documentation>

    <object
        class="org.nuxeo.ecm.platform.content.template.service.FactoryBindingMultiTemplatesDescriptor"/>
  </extension-point>

</component>
