<?xml version="1.0" encoding="UTF-8"?>
<component name="org.nuxeo.ecm.platform.queue.core.test">

  <extension target="org.nuxeo.ecm.platform.queue" point="queues">
    <queue name="fake" 
                  type="org.nuxeo.ecm.platform.queue.core.FakeContent"
                  processor="org.nuxeo.ecm.platform.queue.core.FakeExecutor"
                  persister="org.nuxeo.ecm.platform.queue.core.NuxeoQueuePersister" />
    <queue name="orphan"
                  type="org.nuxeo.ecm.platform.queue.core.OrphanContent" 
                  processor="org.nuxeo.ecm.platform.queue.core.OrphanExecutor"
                  persister="org.nuxeo.ecm.platform.queue.core.NuxeoQueuePersister" />
  </extension>

</component>
