<?xml version="1.0"?>
<component name="org.nuxeo.ecm.platform.rendition.testContrib">

  <require>org.nuxeo.ecm.platform.rendition.contrib</require>

  <extension point="chains"
    target="org.nuxeo.ecm.core.operation.OperationServiceComponent">
    <chain id="PDFRendition">
      <operation id="Blob.ToPDF">
      </operation>
    </chain>
  </extension>
 
  <extension target="org.nuxeo.ecm.platform.rendition.service.RenditionService" point="renditionDefinitions">
    <renditionDefinition name="renditionDefinitionWithCustomOperationChain" enable="true">
      <label>label.rendition.pdf</label>
      <operationChain>PDFRendition</operationChain>
      <allowEmptyBlob>true</allowEmptyBlob>
    </renditionDefinition>
  </extension>

</component>
