<?xml version="1.0"?>
<component name="org.nuxeo.ecm.management.administrativestatus.event.test">
  
  <extension target="org.nuxeo.ecm.core.event.EventServiceComponent"
    point="listener">

    <listener name="administrativeStatusListener" async="false" postCommit="false"
      class="org.nuxeo.ecm.platform.management.administrativestatus.AdministrativeStatusListener">
        <event>serverActivated</event>
        <event>serverPassivated</event>
    </listener>

  </extension>

</component>