<?xml version="1.0"?>

<component name="org.nuxeo.ecm.core.jcr.connector.test.types">

  <extension target="org.nuxeo.ecm.core.schema.TypeService" point="schema">
    <schema name="date-array" src="schema/date-array.xsd" prefix="d" />
  </extension>

  <extension target="org.nuxeo.ecm.core.schema.TypeService" point="doctype">

    <doctype name="DateArrayDocument" extends="Document">
      <schema name="date-array" />
    </doctype>

  </extension>

</component>